<?xml version="1.0" encoding="UTF-8"?>
<!-- Generated by org.testng.reporters.JUnitXMLReporter -->
<testsuite ignored="0" hostname="DESKTOP-98O5IH4" failures="1" tests="1" name="Test" time="0.095" errors="0" timestamp="2024-12-09T19:24:09 IST">
  <testcase classname="testNG_basics.Parametarisation_practice1" name="personalDetails" time="0.0">
    <failure type="org.testng.TestNGException" message="
Parameter &amp;apos;height&amp;apos; is required by @Test on method personalDetails but has not been marked @Optional or defined
in C:\Users\Anitha L\eclipse-workspace\com.selenium\parameterpractice1.xml">
      <![CDATA[org.testng.TestNGException: 
Parameter 'height' is required by @Test on method personalDetails but has not been marked @Optional or defined
in C:\Users\Anitha L\eclipse-workspace\com.selenium\parameterpractice1.xml
at java.base/java.util.ArrayList.forEach(ArrayList.java:1597)
... Removed 26 stack frames]]>
    </failure>
  </testcase> <!-- personalDetails -->
</testsuite> <!-- Test -->
